
Showing logs for build [32mcb-kubecd-environment-pr-199-19-9gcq5-1[0m stage [32mfrom-build-pack[0m and container [32mstep-credential-initializer-vprsh[0m
{"level":"warn","ts":1586882380.3141382,"logger":"fallback-logger","caller":"logging/config.go:69","msg":"Fetch GitHub commit ID from kodata failed: \"ref: refs/heads/0.8.0-**-support-backwards-incompats\" is not a valid GitHub commit ID"}
{"level":"info","ts":1586882380.314863,"logger":"fallback-logger","caller":"creds-init/main.go:40","msg":"Credentials initialized."}

Showing logs for build [32mcb-kubecd-environment-pr-199-19-9gcq5-1[0m stage [32mfrom-build-pack[0m and container [32mstep-working-dir-initializer-6njxz[0m
{"level":"warn","ts":1586882381.352931,"logger":"fallback-logger","caller":"logging/config.go:69","msg":"Fetch GitHub commit ID from kodata failed: open /var/run/ko/HEAD: no such file or directory"}
{"level":"info","ts":1586882381.3682458,"logger":"fallback-logger","caller":"bash/main.go:64","msg":"Successfully executed command \"sh -c mkdir -p /workspace/source\"; output "}

Showing logs for build [32mcb-kubecd-environment-pr-199-19-9gcq5-1[0m stage [32mfrom-build-pack[0m and container [32mstep-place-tools[0m

Showing logs for build [32mcb-kubecd-environment-pr-199-19-9gcq5-1[0m stage [32mfrom-build-pack[0m and container [32mstep-git-source-cb-kubecd-environment-pr-199-19-9gcq5-6d5h8[0m
{"level":"warn","ts":1586882386.622935,"logger":"fallback-logger","caller":"logging/config.go:69","msg":"Fetch GitHub commit ID from kodata failed: \"ref: refs/heads/0.8.0-**-support-backwards-incompats\" is not a valid GitHub commit ID"}
{"level":"info","ts":1586882387.6923451,"logger":"fallback-logger","caller":"git/git.go:103","msg":"Successfully cloned https://github.com/cb-kubecd/environment-pr-199-194-boot-vault-gke-staging.git @ master in path /workspace/source"}

Showing logs for build [32mcb-kubecd-environment-pr-199-19-9gcq5-1[0m stage [32mfrom-build-pack[0m and container [32mstep-git-merge[0m
Using SHAs from PULL_REFS=master:fff69dc26a41dcecce2fcbb4aaf1e1e140dbb033,1:9456ec86701200ccd65525ebfc9788935caedf4d
DEBUG: LC_ALL=C JX_LOG_LEVEL=error git fetch origin --unshallow 9456ec86701200ccd65525ebfc9788935caedf4d: fff69dc26a41dcecce2fcbb4aaf1e1e140dbb033:
DEBUG: ran git fetch --unshallow origin 9456ec86701200ccd65525ebfc9788935caedf4d: fff69dc26a41dcecce2fcbb4aaf1e1e140dbb033: in 
DEBUG: LC_ALL=C JX_LOG_LEVEL=error git branch
DEBUG: LC_ALL=C JX_LOG_LEVEL=error git checkout master
DEBUG: ran git checkout master in 
DEBUG: LC_ALL=C JX_LOG_LEVEL=error git reset --hard fff69dc26a41dcecce2fcbb4aaf1e1e140dbb033
DEBUG: ran git reset --hard fff69dc26a41dcecce2fcbb4aaf1e1e140dbb033 in 
DEBUG: LC_ALL=C JX_LOG_LEVEL=error git clean -fd .
DEBUG: ran clean --force -d . in 
DEBUG: JX_LOG_LEVEL=error LC_ALL=C git merge 9456ec86701200ccd65525ebfc9788935caedf4d
DEBUG: ran git merge 9456ec86701200ccd65525ebfc9788935caedf4d in 
DEBUG: JX_LOG_LEVEL=error LC_ALL=C git log --format=%H%x1f%an%x1f%ae%x1f%cn%x1f%ce%x1f%s%n%b%x1e fff69dc26a41dcecce2fcbb4aaf1e1e140dbb033..HEAD
Merged SHA 9456ec86701200ccd65525ebfc9788935caedf4d with commit message 'chore: Promote bdd-spring-1586882063 to version 0.0.1' into base branch master

Showing logs for build [32mcb-kubecd-environment-pr-199-19-9gcq5-1[0m stage [32mfrom-build-pack[0m and container [32mstep-build-helm-build[0m
WARNING: No $CHART_REPOSITORY defined so using the default value of: http://jenkins-x-chartmuseum:8080
Adding missing Helm repo: storage.googleapis.com https://storage.googleapis.com/chartmuseum.jenkins-x.io
WARNING: No secrets found on "helm/repos" due: reading the secret "helm/repos" from vault: no secret "helm/repos" not found in vault
Read credentials for https://storage.googleapis.com/chartmuseum.jenkins-x.io from vault helm/repos
Successfully added Helm repository storage.googleapis.com.
Adding missing Helm repo: jenkins-x-chartmuseum http://jenkins-x-chartmuseum:8080
WARNING: No secrets found on "helm/repos" due: reading the secret "helm/repos" from vault: no secret "helm/repos" not found in vault
Read credentials for http://jenkins-x-chartmuseum:8080 from vault helm/repos
Successfully added Helm repository jenkins-x-chartmuseum.
WARNING: No $CHART_REPOSITORY defined so using the default value of: http://jenkins-x-chartmuseum:8080
Adding missing Helm repo: chartmuseum.jenkins-x.io http://chartmuseum.jenkins-x.io
WARNING: No secrets found on "helm/repos" due: reading the secret "helm/repos" from vault: no secret "helm/repos" not found in vault
Read credentials for http://chartmuseum.jenkins-x.io from vault helm/repos
Successfully added Helm repository chartmuseum.jenkins-x.io.
