
Showing logs for build [32mcb-kubecd-environment-pr-199-19-s9xkh-1[0m stage [32mfrom-build-pack[0m and container [32mstep-credential-initializer-d8vvt[0m
{"level":"warn","ts":1586885131.4270782,"logger":"fallback-logger","caller":"logging/config.go:69","msg":"Fetch GitHub commit ID from kodata failed: \"ref: refs/heads/0.8.0-**-support-backwards-incompats\" is not a valid GitHub commit ID"}
{"level":"info","ts":1586885131.428403,"logger":"fallback-logger","caller":"creds-init/main.go:40","msg":"Credentials initialized."}

Showing logs for build [32mcb-kubecd-environment-pr-199-19-s9xkh-1[0m stage [32mfrom-build-pack[0m and container [32mstep-working-dir-initializer-hwgj2[0m
{"level":"warn","ts":1586885132.1251125,"logger":"fallback-logger","caller":"logging/config.go:69","msg":"Fetch GitHub commit ID from kodata failed: open /var/run/ko/HEAD: no such file or directory"}
{"level":"info","ts":1586885132.127308,"logger":"fallback-logger","caller":"bash/main.go:64","msg":"Successfully executed command \"sh -c mkdir -p /workspace/source\"; output "}

Showing logs for build [32mcb-kubecd-environment-pr-199-19-s9xkh-1[0m stage [32mfrom-build-pack[0m and container [32mstep-place-tools[0m

Showing logs for build [32mcb-kubecd-environment-pr-199-19-s9xkh-1[0m stage [32mfrom-build-pack[0m and container [32mstep-git-source-cb-kubecd-environment-pr-199-19-s9xkh-nqv4m[0m
{"level":"warn","ts":1586885137.3061922,"logger":"fallback-logger","caller":"logging/config.go:69","msg":"Fetch GitHub commit ID from kodata failed: \"ref: refs/heads/0.8.0-**-support-backwards-incompats\" is not a valid GitHub commit ID"}
{"level":"info","ts":1586885138.455181,"logger":"fallback-logger","caller":"git/git.go:103","msg":"Successfully cloned https://github.com/cb-kubecd/environment-pr-199-194-boot-vault-gke-staging.git @ master in path /workspace/source"}

Showing logs for build [32mcb-kubecd-environment-pr-199-19-s9xkh-1[0m stage [32mfrom-build-pack[0m and container [32mstep-git-merge[0m
Using SHAs from PULL_REFS=master:f62a70a16effef2e575c9678f7348cb42e6563a0,3:68f63e8c39904eee3c839b153f6d958fe79d7d91
DEBUG: LC_ALL=C JX_LOG_LEVEL=error git fetch origin --unshallow 68f63e8c39904eee3c839b153f6d958fe79d7d91: f62a70a16effef2e575c9678f7348cb42e6563a0:
DEBUG: ran git fetch --unshallow origin 68f63e8c39904eee3c839b153f6d958fe79d7d91: f62a70a16effef2e575c9678f7348cb42e6563a0: in 
DEBUG: LC_ALL=C JX_LOG_LEVEL=error git branch
DEBUG: LC_ALL=C JX_LOG_LEVEL=error git checkout master
DEBUG: ran git checkout master in 
DEBUG: LC_ALL=C JX_LOG_LEVEL=error git reset --hard f62a70a16effef2e575c9678f7348cb42e6563a0
DEBUG: ran git reset --hard f62a70a16effef2e575c9678f7348cb42e6563a0 in 
DEBUG: LC_ALL=C JX_LOG_LEVEL=error git clean -fd .
DEBUG: ran clean --force -d . in 
DEBUG: JX_LOG_LEVEL=error LC_ALL=C git merge 68f63e8c39904eee3c839b153f6d958fe79d7d91
DEBUG: ran git merge 68f63e8c39904eee3c839b153f6d958fe79d7d91 in 
DEBUG: LC_ALL=C JX_LOG_LEVEL=error git log --format=%H%x1f%an%x1f%ae%x1f%cn%x1f%ce%x1f%s%n%b%x1e f62a70a16effef2e575c9678f7348cb42e6563a0..HEAD
Merged SHA 68f63e8c39904eee3c839b153f6d958fe79d7d91 with commit message 'chore: Promote bdd-gh-1586883762 to version 0.0.1' into base branch master

Showing logs for build [32mcb-kubecd-environment-pr-199-19-s9xkh-1[0m stage [32mfrom-build-pack[0m and container [32mstep-build-helm-build[0m
WARNING: No $CHART_REPOSITORY defined so using the default value of: http://jenkins-x-chartmuseum:8080
Adding missing Helm repo: storage.googleapis.com https://storage.googleapis.com/chartmuseum.jenkins-x.io
WARNING: No secrets found on "helm/repos" due: reading the secret "helm/repos" from vault: no secret "helm/repos" not found in vault
Read credentials for https://storage.googleapis.com/chartmuseum.jenkins-x.io from vault helm/repos
Successfully added Helm repository storage.googleapis.com.
Adding missing Helm repo: jenkins-x-chartmuseum http://jenkins-x-chartmuseum:8080
WARNING: No secrets found on "helm/repos" due: reading the secret "helm/repos" from vault: no secret "helm/repos" not found in vault
Read credentials for http://jenkins-x-chartmuseum:8080 from vault helm/repos
Successfully added Helm repository jenkins-x-chartmuseum.
WARNING: No $CHART_REPOSITORY defined so using the default value of: http://jenkins-x-chartmuseum:8080
Adding missing Helm repo: chartmuseum.jenkins-x.io http://chartmuseum.jenkins-x.io
WARNING: No secrets found on "helm/repos" due: reading the secret "helm/repos" from vault: no secret "helm/repos" not found in vault
Read credentials for http://chartmuseum.jenkins-x.io from vault helm/repos
Successfully added Helm repository chartmuseum.jenkins-x.io.
